2023-04-21 11:50:10,719 [INFO] Activator:179 - 


2023-04-21 11:50:10,720 [INFO] Activator:180 - !SESSION log4j initialized
2023-04-21 11:50:15,580 [INFO] McuFinderGlobals:52 - Set McuFinder mode to 2 (CubeIDE integrated)
2023-04-21 11:50:15,728 [INFO] ApplicationProperties:181 - Using Application install path: C:\ST\STM32CubeIDE_1.11.0\STM32CubeIDE\plugins\com.st.stm32cube.common.mx_6.7.0.202211181646
2023-04-21 11:50:15,741 [INFO] DbMcusXml:77 - Set database path to: C:\ST\STM32CubeIDE_1.11.0\STM32CubeIDE\plugins\com.st.stm32cube.common.mx_6.7.0.202211181646\\db\/mcu/
2023-04-21 11:50:15,742 [INFO] ApiDb:273 - Set plugin database path to: C:\ST\STM32CubeIDE_1.11.0\STM32CubeIDE\plugins\com.st.stm32cube.common.mx_6.7.0.202211181646\\db\/plugins/boardmanager/
2023-04-21 11:50:15,744 [WARN] ApiDb:258 - Overriding images path with different value:  => C:\ST\STM32CubeIDE_1.11.0\STM32CubeIDE\plugins\com.st.stm32cube.common.mx_6.7.0.202211181646\\db\/plugins/mcufinder/images/
2023-04-21 11:50:15,754 [INFO] ApiDb:249 - Set database path to: C:\Users\plata\.stmcufinder\plugins\mcufinder//mcu/
2023-04-21 11:50:15,755 [INFO] DbMcusAds:124 - Set database path to: C:\Users\plata\.stmcufinder\plugins\mcufinder//mcu/
2023-04-21 11:50:15,757 [INFO] CrossReferenceDbSqlite:202 - Set database path to: C:\Users\plata\.stmcufinder\plugins\mcufinder//mcu/cs/
2023-04-21 11:50:15,859 [INFO] RulesReader:61 - Compatibility file has been processed (283 Rules)
2023-04-21 11:50:15,931 [INFO] DbMcusXml:77 - Set database path to: C:\ST\STM32CubeIDE_1.11.0\STM32CubeIDE\plugins\com.st.stm32cube.common.mx_6.7.0.202211181646\\db\/mcu/
2023-04-21 11:50:15,931 [INFO] ApiDb:273 - Set plugin database path to: C:\ST\STM32CubeIDE_1.11.0\STM32CubeIDE\plugins\com.st.stm32cube.common.mx_6.7.0.202211181646\\db\/plugins/boardmanager/
2023-04-21 11:50:15,932 [INFO] ApiDb:260 - Set plugin images path to: C:\ST\STM32CubeIDE_1.11.0\STM32CubeIDE\plugins\com.st.stm32cube.common.mx_6.7.0.202211181646\\db\/plugins/mcufinder/images/
2023-04-21 11:50:15,932 [WARN] DbFile:40 - Overriding database path with different value: C:\Users\plata\.stmcufinder\plugins\mcufinder/ => C:\Users\plata\.stmcufinder\plugins\mcufinder
2023-04-21 11:50:15,932 [INFO] ApiDb:249 - Set database path to: C:\Users\plata\.stmcufinder\plugins\mcufinder//mcu/
2023-04-21 11:50:15,932 [WARN] DbFile:40 - Overriding database path with different value: C:\Users\plata\.stmcufinder\plugins\mcufinder/ => C:\Users\plata\.stmcufinder\plugins\mcufinder
2023-04-21 11:50:15,932 [INFO] DbMcusAds:124 - Set database path to: C:\Users\plata\.stmcufinder\plugins\mcufinder//mcu/
2023-04-21 11:50:15,933 [WARN] DbFile:40 - Overriding database path with different value: C:\Users\plata\.stmcufinder\plugins\mcufinder/ => C:\Users\plata\.stmcufinder\plugins\mcufinder
2023-04-21 11:50:15,933 [WARN] DbFile:40 - Overriding database path with different value: C:\Users\plata\.stmcufinder\plugins\mcufinder/ => C:\Users\plata\.stmcufinder\plugins\mcufinder
2023-04-21 11:50:15,933 [INFO] CrossReferenceDbSqlite:202 - Set database path to: C:\Users\plata\.stmcufinder\plugins\mcufinder//mcu/cs/
2023-04-21 11:50:15,989 [INFO] MainPanel:252 - HeapMemory: 268435456
2023-04-21 11:50:16,055 [INFO] DbMcusXml:77 - Set database path to: C:\ST\STM32CubeIDE_1.11.0\STM32CubeIDE\plugins\com.st.stm32cube.common.mx_6.7.0.202211181646\\db\/mcu/
2023-04-21 11:50:16,055 [INFO] ApiDb:273 - Set plugin database path to: C:\ST\STM32CubeIDE_1.11.0\STM32CubeIDE\plugins\com.st.stm32cube.common.mx_6.7.0.202211181646\\db\/plugins/boardmanager/
2023-04-21 11:50:16,055 [INFO] ApiDb:260 - Set plugin images path to: C:\ST\STM32CubeIDE_1.11.0\STM32CubeIDE\plugins\com.st.stm32cube.common.mx_6.7.0.202211181646\\db\/plugins/mcufinder/images/
2023-04-21 11:50:16,056 [WARN] DbFile:40 - Overriding database path with different value: C:\Users\plata\.stmcufinder\plugins\mcufinder/ => C:\Users\plata\.stmcufinder\plugins\mcufinder
2023-04-21 11:50:16,056 [INFO] ApiDb:249 - Set database path to: C:\Users\plata\.stmcufinder\plugins\mcufinder//mcu/
2023-04-21 11:50:16,056 [WARN] DbFile:40 - Overriding database path with different value: C:\Users\plata\.stmcufinder\plugins\mcufinder/ => C:\Users\plata\.stmcufinder\plugins\mcufinder
2023-04-21 11:50:16,056 [INFO] DbMcusAds:124 - Set database path to: C:\Users\plata\.stmcufinder\plugins\mcufinder//mcu/
2023-04-21 11:50:16,056 [WARN] DbFile:40 - Overriding database path with different value: C:\Users\plata\.stmcufinder\plugins\mcufinder/ => C:\Users\plata\.stmcufinder\plugins\mcufinder
2023-04-21 11:50:16,056 [WARN] DbFile:40 - Overriding database path with different value: C:\Users\plata\.stmcufinder\plugins\mcufinder/ => C:\Users\plata\.stmcufinder\plugins\mcufinder
2023-04-21 11:50:16,056 [INFO] CrossReferenceDbSqlite:202 - Set database path to: C:\Users\plata\.stmcufinder\plugins\mcufinder//mcu/cs/
2023-04-21 11:50:16,072 [INFO] ApplicationProperties:181 - Using Application install path: C:\ST\STM32CubeIDE_1.11.0\STM32CubeIDE\plugins\com.st.stm32cube.common.mx_6.7.0.202211181646
2023-04-21 11:50:16,073 [INFO] PluginManage:193 - Search for loadable plugins [exclusion list=, ]
2023-04-21 11:50:16,074 [INFO] PluginManage:307 - Check plugin analytics
2023-04-21 11:50:16,190 [INFO] AnalyticsPlugin:262 - Accepted Software Licenses: STM32CubeMX.6.7.0
2023-04-21 11:50:16,190 [INFO] AnalyticsPlugin:264 - Accepted CMSIS Pack Licenses: 
2023-04-21 11:50:16,191 [INFO] AnalyticsPlugin:266 - Accepted Firmware Licenses: FW.F4.1.27.0,FW.C0.1.0.0,FW.G4.1.5.0
2023-04-21 11:50:16,197 [INFO] PluginManage:356 - Loaded plugin analytics (category:tool,tabindex:-1)
2023-04-21 11:50:16,197 [INFO] PluginManage:307 - Check plugin cadmodel
2023-04-21 11:50:16,201 [INFO] CADModel:104 - Init CAD model plugin
2023-04-21 11:50:16,202 [INFO] PluginManage:356 - Loaded plugin cadmodel (category:power,tabindex:5)
2023-04-21 11:50:16,202 [INFO] PluginManage:307 - Check plugin clock
2023-04-21 11:50:16,209 [INFO] PluginManage:356 - Loaded plugin clock (category:base,tabindex:2)
2023-04-21 11:50:16,210 [INFO] PluginManage:307 - Check plugin ddr
2023-04-21 11:50:16,211 [INFO] PluginManage:356 - Loaded plugin ddr (category:tool,tabindex:6)
2023-04-21 11:50:16,211 [INFO] PluginManage:307 - Check plugin filemanager
2023-04-21 11:50:16,341 [INFO] PluginManage:356 - Loaded plugin filemanager (category:base,tabindex:10)
2023-04-21 11:50:16,342 [INFO] PluginManage:307 - Check plugin ipmanager
2023-04-21 11:50:16,348 [INFO] PluginManage:356 - Loaded plugin ipmanager (category:base,tabindex:5)
2023-04-21 11:50:16,348 [INFO] PluginManage:307 - Check plugin lpbam
2023-04-21 11:50:16,355 [INFO] PluginManage:356 - Loaded plugin lpbam (category:base,tabindex:0)
2023-04-21 11:50:16,355 [INFO] PluginManage:307 - Check plugin pinoutandconfiguration
2023-04-21 11:50:16,361 [INFO] PluginManage:356 - Loaded plugin pinoutandconfiguration (category:base,tabindex:1)
2023-04-21 11:50:16,361 [INFO] PluginManage:307 - Check plugin pinoutconfig
2023-04-21 11:50:16,382 [INFO] PluginManage:356 - Loaded plugin pinoutconfig (category:base,tabindex:0)
2023-04-21 11:50:16,383 [INFO] PluginManage:307 - Check plugin power
2023-04-21 11:50:16,390 [INFO] PluginManage:356 - Loaded plugin power (category:power,tabindex:4)
2023-04-21 11:50:16,390 [INFO] PluginManage:307 - Check plugin projectmanager
2023-04-21 11:50:16,401 [INFO] PluginManage:356 - Loaded plugin projectmanager (category:projectmanager,tabindex:3)
2023-04-21 11:50:16,402 [INFO] PluginManage:307 - Check plugin thirdparty
2023-04-21 11:50:16,490 [INFO] PluginManage:356 - Loaded plugin thirdparty (category:base,tabindex:-1)
2023-04-21 11:50:16,491 [WARN] IntegrityCheckThread:82 - waiting for thirdparty lock release [integrity check]
2023-04-21 11:50:16,491 [INFO] PluginManage:307 - Check plugin tools
2023-04-21 11:50:16,491 [INFO] IntegrityCheckThread:84 - entering critical section [integrity check]
2023-04-21 11:50:16,492 [INFO] ThirdPartyUpdaterWithRetryManager:70 - Updater plugin not ready yet. [1/15]
2023-04-21 11:50:16,493 [INFO] PluginManage:356 - Loaded plugin tools (category:base,tabindex:7)
2023-04-21 11:50:16,493 [INFO] PluginManage:307 - Check plugin tutovideos
2023-04-21 11:50:16,639 [INFO] PluginManage:356 - Loaded plugin tutovideos (category:base,tabindex:-1)
2023-04-21 11:50:16,640 [INFO] PluginManage:307 - Check plugin updater
2023-04-21 11:50:16,649 [INFO] PluginManage:356 - Loaded plugin updater (category:base,tabindex:12)
2023-04-21 11:50:16,649 [INFO] PluginManage:280 - PluginManage : Loaded plugins [15]
2023-04-21 11:50:16,828 [INFO] PinOutPanel:1477 - setPackage(No Configuration,No Configuration)
2023-04-21 11:50:16,884 [INFO] CADModel:164 - CPN selected for project level
2023-04-21 11:50:16,884 [INFO] CADModel:113 - Register for checkConnection events
2023-04-21 11:50:16,898 [INFO] IPUIPlugin:79 - create IPUIPlugin
2023-04-21 11:50:16,898 [INFO] PluginManager:219 - loadIPPluginJar : add adc
2023-04-21 11:50:16,900 [INFO] IPUIPlugin:79 - create IPUIPlugin
2023-04-21 11:50:16,901 [INFO] PluginManager:219 - loadIPPluginJar : add aes
2023-04-21 11:50:16,903 [INFO] IPUIPlugin:79 - create IPUIPlugin
2023-04-21 11:50:16,903 [INFO] PluginManager:219 - loadIPPluginJar : add can
2023-04-21 11:50:16,905 [INFO] IPUIPlugin:79 - create IPUIPlugin
2023-04-21 11:50:16,905 [INFO] PluginManager:219 - loadIPPluginJar : add comp
2023-04-21 11:50:16,907 [INFO] IPUIPlugin:79 - create IPUIPlugin
2023-04-21 11:50:16,907 [INFO] PluginManager:219 - loadIPPluginJar : add cryp
2023-04-21 11:50:16,909 [INFO] IPUIPlugin:79 - create IPUIPlugin
2023-04-21 11:50:16,909 [INFO] PluginManager:219 - loadIPPluginJar : add dfsdm
2023-04-21 11:50:16,914 [INFO] IPUIPlugin:79 - create IPUIPlugin
2023-04-21 11:50:16,914 [INFO] PluginManager:219 - loadIPPluginJar : add dma
2023-04-21 11:50:16,916 [INFO] IPUIPlugin:79 - create IPUIPlugin
2023-04-21 11:50:16,916 [INFO] PluginManager:219 - loadIPPluginJar : add dma3
2023-04-21 11:50:16,917 [INFO] IPUIPlugin:79 - create IPUIPlugin
2023-04-21 11:50:16,917 [INFO] PluginManager:219 - loadIPPluginJar : add fatfs
2023-04-21 11:50:16,921 [INFO] IPUIPlugin:79 - create IPUIPlugin
2023-04-21 11:50:16,921 [INFO] PluginManager:219 - loadIPPluginJar : add fmc
2023-04-21 11:50:16,925 [INFO] IPUIPlugin:79 - create IPUIPlugin
2023-04-21 11:50:16,926 [INFO] PluginManager:219 - loadIPPluginJar : add freertos
2023-04-21 11:50:16,927 [INFO] IPUIPlugin:79 - create IPUIPlugin
2023-04-21 11:50:16,927 [INFO] PluginManager:219 - loadIPPluginJar : add genericplugin
2023-04-21 11:50:16,928 [INFO] IPUIPlugin:79 - create IPUIPlugin
2023-04-21 11:50:16,928 [INFO] PluginManager:219 - loadIPPluginJar : add gfxmmu
2023-04-21 11:50:16,932 [INFO] IPUIPlugin:79 - create IPUIPlugin
2023-04-21 11:50:16,932 [INFO] PluginManager:219 - loadIPPluginJar : add gic
2023-04-21 11:50:16,935 [INFO] IPUIPlugin:79 - create IPUIPlugin
2023-04-21 11:50:16,935 [INFO] PluginManager:219 - loadIPPluginJar : add gpio
2023-04-21 11:50:16,937 [INFO] IPUIPlugin:79 - create IPUIPlugin
2023-04-21 11:50:16,937 [INFO] PluginManager:219 - loadIPPluginJar : add gtzc
2023-04-21 11:50:16,938 [INFO] IPUIPlugin:79 - create IPUIPlugin
2023-04-21 11:50:16,939 [INFO] PluginManager:219 - loadIPPluginJar : add hash
2023-04-21 11:50:16,940 [INFO] IPUIPlugin:79 - create IPUIPlugin
2023-04-21 11:50:16,940 [INFO] PluginManager:219 - loadIPPluginJar : add i2c
2023-04-21 11:50:16,942 [INFO] IPUIPlugin:79 - create IPUIPlugin
2023-04-21 11:50:16,942 [INFO] PluginManager:219 - loadIPPluginJar : add i2s
2023-04-21 11:50:16,944 [INFO] IPUIPlugin:79 - create IPUIPlugin
2023-04-21 11:50:16,945 [INFO] PluginManager:219 - loadIPPluginJar : add ipddr
2023-04-21 11:50:16,950 [INFO] IPUIPlugin:79 - create IPUIPlugin
2023-04-21 11:50:16,950 [INFO] PluginManager:219 - loadIPPluginJar : add linkedlist
2023-04-21 11:50:16,952 [INFO] IPUIPlugin:79 - create IPUIPlugin
2023-04-21 11:50:16,952 [INFO] PluginManager:219 - loadIPPluginJar : add lorawan
2023-04-21 11:50:16,953 [INFO] IPUIPlugin:79 - create IPUIPlugin
2023-04-21 11:50:16,953 [INFO] PluginManager:219 - loadIPPluginJar : add ltdc
2023-04-21 11:50:16,958 [INFO] IPUIPlugin:79 - create IPUIPlugin
2023-04-21 11:50:16,959 [INFO] PluginManager:219 - loadIPPluginJar : add mdma
2023-04-21 11:50:16,961 [INFO] IPUIPlugin:79 - create IPUIPlugin
2023-04-21 11:50:16,961 [INFO] PluginManager:219 - loadIPPluginJar : add nvic
2023-04-21 11:50:16,963 [INFO] IPUIPlugin:79 - create IPUIPlugin
2023-04-21 11:50:16,963 [INFO] PluginManager:219 - loadIPPluginJar : add opamp
2023-04-21 11:50:16,965 [INFO] IPUIPlugin:79 - create IPUIPlugin
2023-04-21 11:50:16,965 [INFO] PluginManager:219 - loadIPPluginJar : add openamp
2023-04-21 11:50:16,967 [INFO] IPUIPlugin:79 - create IPUIPlugin
2023-04-21 11:50:16,967 [INFO] PluginManager:219 - loadIPPluginJar : add pdm2pcm
2023-04-21 11:50:16,972 [INFO] IPUIPlugin:79 - create IPUIPlugin
2023-04-21 11:50:16,974 [INFO] PluginManager:219 - loadIPPluginJar : add plateformsettings
2023-04-21 11:50:16,975 [INFO] IPUIPlugin:79 - create IPUIPlugin
2023-04-21 11:50:16,975 [INFO] PluginManager:219 - loadIPPluginJar : add quadspi
2023-04-21 11:50:16,977 [INFO] IPUIPlugin:79 - create IPUIPlugin
2023-04-21 11:50:16,977 [INFO] PluginManager:219 - loadIPPluginJar : add resmgrutility
2023-04-21 11:50:16,979 [INFO] IPUIPlugin:79 - create IPUIPlugin
2023-04-21 11:50:16,979 [INFO] PluginManager:219 - loadIPPluginJar : add sai
2023-04-21 11:50:16,981 [INFO] IPUIPlugin:79 - create IPUIPlugin
2023-04-21 11:50:16,981 [INFO] PluginManager:219 - loadIPPluginJar : add spi
2023-04-21 11:50:16,984 [INFO] IPUIPlugin:79 - create IPUIPlugin
2023-04-21 11:50:16,984 [INFO] PluginManager:219 - loadIPPluginJar : add stm32_wpan
2023-04-21 11:50:16,985 [INFO] IPUIPlugin:79 - create IPUIPlugin
2023-04-21 11:50:16,985 [INFO] PluginManager:219 - loadIPPluginJar : add tim
2023-04-21 11:50:16,987 [INFO] IPUIPlugin:79 - create IPUIPlugin
2023-04-21 11:50:16,987 [INFO] PluginManager:219 - loadIPPluginJar : add touchsensing
2023-04-21 11:50:16,989 [INFO] IPUIPlugin:79 - create IPUIPlugin
2023-04-21 11:50:16,989 [INFO] PluginManager:219 - loadIPPluginJar : add tracer_emb
2023-04-21 11:50:16,990 [INFO] IPUIPlugin:79 - create IPUIPlugin
2023-04-21 11:50:16,990 [INFO] PluginManager:219 - loadIPPluginJar : add ts
2023-04-21 11:50:16,991 [INFO] IPUIPlugin:79 - create IPUIPlugin
2023-04-21 11:50:16,991 [INFO] PluginManager:219 - loadIPPluginJar : add tsc
2023-04-21 11:50:16,993 [INFO] IPUIPlugin:79 - create IPUIPlugin
2023-04-21 11:50:16,993 [INFO] PluginManager:219 - loadIPPluginJar : add ucpd
2023-04-21 11:50:16,994 [INFO] IPUIPlugin:79 - create IPUIPlugin
2023-04-21 11:50:16,995 [INFO] PluginManager:219 - loadIPPluginJar : add usart
2023-04-21 11:50:16,997 [INFO] IPUIPlugin:79 - create IPUIPlugin
2023-04-21 11:50:16,997 [INFO] PluginManager:219 - loadIPPluginJar : add usbx
2023-04-21 11:50:17,114 [INFO] CADModel:164 - CPN selected for project level
2023-04-21 11:50:17,114 [INFO] CADModel:113 - Register for checkConnection events
2023-04-21 11:50:17,114 [FATAL] Updater:308 - Updater called before beeing initialized
2023-04-21 11:50:17,114 [ERROR] CADModel:124 - Updater not yet initialized, retry later 
2023-04-21 11:50:17,210 [INFO] CADModel:164 - CPN selected for project level
2023-04-21 11:50:17,210 [INFO] CADModel:113 - Register for checkConnection events
2023-04-21 11:50:17,210 [FATAL] Updater:308 - Updater called before beeing initialized
2023-04-21 11:50:17,210 [ERROR] CADModel:124 - Updater not yet initialized, retry later 
2023-04-21 11:50:17,213 [FATAL] Updater:308 - Updater called before beeing initialized
2023-04-21 11:50:17,291 [FATAL] Updater:308 - Updater called before beeing initialized
2023-04-21 11:50:17,297 [INFO] DbMcusAds:52 - JSON generation date=Tue Mar 07 03:50:55 COT 2023 (1678179055335)
2023-04-21 11:50:17,297 [FATAL] Updater:308 - Updater called before beeing initialized
2023-04-21 11:50:17,323 [WARN] DetailPanel:344 - Failed to get advertising image, set to default
2023-04-21 11:50:17,423 [FATAL] Updater:308 - Updater called before beeing initialized
2023-04-21 11:50:17,425 [FATAL] Updater:308 - Updater called before beeing initialized
2023-04-21 11:50:17,425 [FATAL] Updater:308 - Updater called before beeing initialized
2023-04-21 11:50:17,425 [WARN] DetailPanel:344 - Failed to get advertising image, set to default
2023-04-21 11:50:17,425 [FATAL] Updater:308 - Updater called before beeing initialized
2023-04-21 11:50:17,458 [ERROR] Updater:1120 - MainUpdater not yet initialized. External WinMGr cannot be set.
2023-04-21 11:50:17,460 [INFO] Updater:1056 - Updater Version found : 6.7.0
2023-04-21 11:50:17,474 [INFO] ApplicationProperties:181 - Using Application install path: C:\ST\STM32CubeIDE_1.11.0\STM32CubeIDE\plugins\com.st.stm32cube.common.mx_6.7.0.202211181646
2023-04-21 11:50:17,537 [INFO] MainUpdater:2800 - connection check result : 10
2023-04-21 11:50:17,538 [INFO] MainUpdater:282 - Updater Check For Update Now.
2023-04-21 11:50:17,538 [INFO] MicroXplorer:481 - Change Database Version : DB.6.0.70
2023-04-21 11:50:17,680 [INFO] CheckServerUpdateThread:119 - End of CheckServer Thread
2023-04-21 11:50:17,744 [INFO] MainUpdater:2800 - connection check result : 10
2023-04-21 11:50:17,961 [INFO] ApiDb:580 - Connected to CubeFinder SQLite database (C:\Users\plata\.stmcufinder\plugins\mcufinder\mcu\cube-finder-db.db)
2023-04-21 11:50:18,009 [INFO] ApiDb:667 - CubeFinder database Data Model version=2.1
2023-04-21 11:50:18,009 [INFO] ApiDb:668 - CubeFinder database Configuration version=3.0.35
2023-04-21 11:50:18,010 [INFO] ApiDb:669 - CubeFinder database generation date=2023-03-10 (1678456172)
2023-04-21 11:50:18,010 [INFO] ApiDb:670 - CubeFinder database FW Pack versions=[FP-ATR-ASTRA1_V1.1.1, STM32Cube_FW_C0_V1.0.1, STM32Cube_FW_F0_V1.11.4, STM32Cube_FW_F3_V1.11.4, STM32Cube_FW_F4_V1.27.1, STM32Cube_FW_F7_V1.17.0, STM32Cube_FW_G0_V1.6.1, STM32Cube_FW_G4_V1.5.1, STM32Cube_FW_H5_V0.5.1, STM32Cube_FW_H5_V1.0.0, STM32Cube_FW_H7_V1.11.0, STM32Cube_FW_L0_V1.12.2, STM32Cube_FW_L5_V1.5.0, STM32Cube_FW_U5_V1.2.0, STM32Cube_FW_WBA_V1.0.0, STM32Cube_FW_WBA_V1.0.0RC1, STM32Cube_FW_WBA_V1.0.0RC3, STM32Cube_FW_WB_V1.15.0RC1, STM32Cube_FW_WB_V1.16.0, STM32Cube_FW_WB_V1.16.0RC2, STM32Cube_FW_WL_V1.3.0, X-CUBE-ALGOBUILD_V1.3.0, X-CUBE-ALS_V1.0.1, X-CUBE-AZRTOS-F4_V1.1.0, X-CUBE-AZRTOS-F7_V1.1.0, X-CUBE-AZRTOS-G0_V1.1.0, X-CUBE-AZRTOS-G4_V1.0.0, X-CUBE-AZRTOS-H7_V3.0.0, X-CUBE-AZRTOS-L4_V1.0.0, X-CUBE-AZRTOS-L5_V1.1.0, X-CUBE-AZRTOS-WB_V1.1.0, X-CUBE-AZRTOS-WL_V1.0.0, X-CUBE-BLE1_V6.2.4, X-CUBE-BLE2_V3.3.0, X-CUBE-BLEMGR_V1.3.0, X-CUBE-EEPRMA1_V4.1.0, X-CUBE-GNSS1_V6.0.0, X-CUBE-MEMS1_V9.1.0, X-CUBE-MEMS1_V9.4.0, X-CUBE-MEMS1_V9.5.0, X-CUBE-NFC4_V3.0.0, X-CUBE-NFC7_V1.0.0, X-CUBE-SFXS2LP1_V4.0.0, X-CUBE-SUBG2_V5.0.0]
2023-04-21 11:50:19,374 [INFO] ApiDb:239 - Found 143 in-development CPN: [B-WB1M-WPAN1, B-WL5M-SUBG1, NUCLEO-C031C6, STEVAL-PROTEUS1, STEVAL-STWINBX1, STM320518-EVAL, STM32C0116-DK, STM32C011D6Y3TR, STM32C011D6Y6TR, STM32C011F4P3, STM32C011F4P6, STM32C011F4U3, STM32C011F4U6TR, STM32C011F6P3, STM32C011F6P6, STM32C011F6U3, STM32C011F6U6TR, STM32C011J4M3, STM32C011J4M6, STM32C011J6M3, STM32C011J6M6, STM32C0316-DK, STM32C031C4T3, STM32C031C4T6, STM32C031C4U3, STM32C031C4U6, STM32C031C6T3, STM32C031C6T6, STM32C031C6U3, STM32C031C6U6, STM32C031F4P3, STM32C031F4P6, STM32C031F6P3, STM32C031F6P6, STM32C031G4U3, STM32C031G4U6, STM32C031G6U3, STM32C031G6U6, STM32C031K4T3, STM32C031K4T6, STM32C031K4U3, STM32C031K4U6, STM32C031K6T3, STM32C031K6T6, STM32C031K6U3, STM32C031K6U6, STM32G071K8TXN, STM32G071K8UXN, STM32G081GBU6N, STM32G081KBT6N, STM32G081KBUXN, STM32G0B1CCT6N, STM32G0B1KCT6, STM32G0B1NEY6TR, STM32G0B1RCT6N, STM32G0C1CCT6, STM32G0C1CCT6N, STM32G0C1CCU6N, STM32G0C1CET6N, STM32G0C1CEU6N, STM32G0C1KCT6, STM32G0C1NEY6TR, STM32G0C1RCI6N, STM32G0C1RCT6N, STM32G0C1REI6N, STM32G0C1RET6N, STM32G0C1VCI6, STM32G0C1VEI6, STM32G471CCT6, STM32G471CCU6, STM32G471CET3, STM32G471CET6, STM32G471CEU3, STM32G471CEU6, STM32G471MCT6, STM32G471MET3, STM32G471MET6, STM32G471MEY6TR, STM32G471QCT6, STM32G471QET3, STM32G471RCT6, STM32G471RET3, STM32G471RET6, STM32G471VCH6, STM32G471VCI6, STM32G471VCT6, STM32G471VEH3, STM32G471VEH6, STM32G471VEI3, STM32G471VEI6, STM32G471VET3, STM32G471VET6, STM32G474CCT6, STM32L476VGY6PTR, STM32L4R5QGI6STR, STM32MP131AAE3, STM32MP131AAF3, STM32MP131AAG3, STM32MP131CAE3, STM32MP131CAF3, STM32MP131CAG3, STM32MP131DAE7, STM32MP131DAF7, STM32MP131DAG7, STM32MP131FAE7, STM32MP131FAF7, STM32MP131FAG7, STM32MP133AAE3, STM32MP133AAF3, STM32MP133AAG3, STM32MP133CAE3, STM32MP133CAF3, STM32MP133CAG3, STM32MP133DAE7, STM32MP133DAF7, STM32MP133DAG7, STM32MP133FAE7, STM32MP133FAF7, STM32MP133FAG7, STM32MP135AAE3, STM32MP135AAF3, STM32MP135AAG3, STM32MP135CAE3, STM32MP135CAF3, STM32MP135CAG3, STM32MP135DAE7, STM32MP135DAF7, STM32MP135DAG7, STM32MP135F-DK, STM32MP135FAE7, STM32MP135FAF7, STM32MP135FAF7T, STM32MP135FAF7U, STM32MP135FAG7, STM32U595ZJT6Q, STM32U599BJY6QTR, STM32U599NIH6Q, STM32U599NJH6Q, STM32U5A5ZJT6Q, STM32U5A9BJY6QTR, STM32U5A9NJH6Q, STM32WB1MMCH6, STM32WL5MOCH6TR]
2023-04-21 11:50:19,378 [INFO] DbMcus:215 - Found 3680 MCUs, 3680 are supported
2023-04-21 11:50:19,380 [INFO] ApiDb:422 - Load user favorites file C:\Users\plata/.stm32cubeide/favorites.mcus.txt: 0 item(s)
2023-04-21 11:50:19,380 [INFO] ApiDb:426 - User favorites MCUs=[]
2023-04-21 11:50:19,380 [INFO] DbMcus:221 - Set 0 / 0 favorites MCUs
2023-04-21 11:50:19,519 [INFO] McuFinderGlobals:65 - Set McuFinderConnectedMode to true
2023-04-21 11:50:19,525 [INFO] MultiScanPanel:196 - Auto-refresh data requested => check proxy status ongoing
2023-04-21 11:50:19,527 [INFO] FinderPluginLoader:92 - Searching for filters in installed packs
2023-04-21 11:50:19,604 [WARN] PackLoader:242 - Cannot read IP mode file for STMicroelectronics.X-CUBE-GNSS1.6.0.0
2023-04-21 11:50:19,626 [WARN] PackLoader:242 - Cannot read IP mode file for STMicroelectronics.X-CUBE-AZRTOS-F4.1.1.0
2023-04-21 11:50:19,635 [WARN] PackLoader:242 - Cannot read IP mode file for STMicroelectronics.X-CUBE-SMBUS.2.1.0
2023-04-21 11:50:19,662 [WARN] PackLoader:242 - Cannot read IP mode file for STMicroelectronics.X-CUBE-AZRTOS-F7.1.1.0
2023-04-21 11:50:19,669 [WARN] PackLoader:242 - Cannot read IP mode file for STMicroelectronics.X-CUBE-BLE1.6.2.4
2023-04-21 11:50:19,678 [WARN] PackLoader:242 - Cannot read IP mode file for emotas.I-CUBE-CANOPEN.1.1.3
2023-04-21 11:50:19,687 [WARN] PackLoader:242 - Cannot read IP mode file for STMicroelectronics.X-CUBE-BLEMGR.2.0.0
2023-04-21 11:50:19,707 [WARN] ConditionMgr:437 - getConditionDescription Invalid condition id : UX DEVICE CLASS RTOS Condition cause : null
2023-04-21 11:50:19,707 [WARN] ConditionMgr:437 - getConditionDescription Invalid condition id : UX DEVICE CLASS RTOS Condition cause : null
2023-04-21 11:50:19,711 [WARN] PackLoader:242 - Cannot read IP mode file for STMicroelectronics.X-CUBE-AZRTOS-H7.3.1.0
2023-04-21 11:50:19,713 [WARN] ConditionMgr:1038 - genDependencies : Invalid condition id : UX DEVICE CLASS RTOS Condition cause : null
2023-04-21 11:50:19,713 [WARN] ConditionMgr:1038 - genDependencies : Invalid condition id : UX DEVICE CLASS RTOS Condition cause : null
2023-04-21 11:50:19,714 [WARN] ConditionMgr:1038 - genDependencies : Invalid condition id : UX DEVICE CLASS RTOS Condition cause : null
2023-04-21 11:50:19,714 [WARN] ConditionMgr:1038 - genDependencies : Invalid condition id : UX DEVICE CLASS RTOS Condition cause : null
2023-04-21 11:50:19,714 [WARN] ConditionMgr:1038 - genDependencies : Invalid condition id : UX DEVICE CLASS RTOS Condition cause : null
2023-04-21 11:50:19,723 [WARN] PackLoader:242 - Cannot read IP mode file for STMicroelectronics.X-CUBE-DISPLAY.3.0.0
2023-04-21 11:50:19,731 [WARN] PackLoader:242 - Cannot read IP mode file for wolfSSL.I-CUBE-wolfSSL.5.5.4
2023-04-21 11:50:19,736 [WARN] PackLoader:242 - Cannot read IP mode file for STMicroelectronics.X-CUBE-NFC7.1.0.0
2023-04-21 11:50:19,742 [WARN] PackLoader:242 - Cannot read IP mode file for STMicroelectronics.X-CUBE-EEPRMA1.4.1.0
2023-04-21 11:50:19,750 [WARN] PackLoader:242 - Cannot read IP mode file for WES.I-CUBE-Cesium.1.3.0
2023-04-21 11:50:19,756 [WARN] PackLoader:242 - Cannot read IP mode file for STMicroelectronics.X-CUBE-SFXS2LP1.4.0.0
2023-04-21 11:50:19,761 [WARN] PackLoader:242 - Cannot read IP mode file for STMicroelectronics.X-CUBE-BLE2.3.3.0
2023-04-21 11:50:19,764 [WARN] PackLoader:242 - Cannot read IP mode file for STMicroelectronics.X-CUBE-DISPLAY.2.2.0
2023-04-21 11:50:19,775 [WARN] PackLoader:242 - Cannot read IP mode file for STMicroelectronics.X-CUBE-TOF1.3.2.0
2023-04-21 11:50:19,797 [WARN] PackLoader:242 - Cannot read IP mode file for STMicroelectronics.X-CUBE-AZRTOS-H7.3.0.0
2023-04-21 11:50:19,802 [WARN] PackLoader:242 - Cannot read IP mode file for STMicroelectronics.X-CUBE-ISPU.1.1.0
2023-04-21 11:50:19,809 [WARN] PackLoader:242 - Cannot read IP mode file for RoweBots.I-CUBE-UNISONRTOS.5.5.0-4
2023-04-21 11:50:19,813 [WARN] PackLoader:242 - Cannot read IP mode file for STMicroelectronics.X-CUBE-AI.8.0.0
2023-04-21 11:50:19,817 [WARN] PackLoader:242 - Cannot read IP mode file for STMicroelectronics.X-CUBE-FREERTOS.1.0.0
2023-04-21 11:50:19,820 [WARN] PackLoader:242 - Cannot read IP mode file for STMicroelectronics.X-CUBE-FREERTOS.1.0.1
2023-04-21 11:50:19,825 [WARN] PackLoader:242 - Cannot read IP mode file for STMicroelectronics.X-CUBE-TOUCHGFX.4.21.1
2023-04-21 11:50:19,827 [WARN] PackLoader:242 - Cannot read IP mode file for STMicroelectronics.X-CUBE-TOUCHGFX.4.21.3
2023-04-21 11:50:19,854 [WARN] PackLoader:242 - Cannot read IP mode file for STMicroelectronics.X-CUBE-MEMS1.9.4.0
2023-04-21 11:50:19,962 [WARN] PackLoader:242 - Cannot read IP mode file for STMicroelectronics.X-CUBE-AI.7.3.0
2023-04-21 11:50:19,967 [WARN] PackLoader:242 - Cannot read IP mode file for STMicroelectronics.X-CUBE-ALGOBUILD.1.3.0
2023-04-21 11:50:19,976 [WARN] PackLoader:242 - Cannot read IP mode file for STMicroelectronics.X-CUBE-AZRTOS-L5.1.1.0
2023-04-21 11:50:19,988 [WARN] PackLoader:242 - Cannot read IP mode file for STMicroelectronics.X-CUBE-AZRTOS-G0.1.1.0
2023-04-21 11:50:19,996 [WARN] PackLoader:242 - Cannot read IP mode file for STMicroelectronics.X-CUBE-SUBG2.5.0.0
2023-04-21 11:50:20,005 [WARN] PackLoader:242 - Cannot read IP mode file for STMicroelectronics.X-CUBE-NFC4.3.0.0
2023-04-21 11:50:20,014 [WARN] PackLoader:242 - Cannot read IP mode file for STMicroelectronics.X-CUBE-TOF1.3.3.0
2023-04-21 11:50:20,027 [WARN] PackLoader:242 - Cannot read IP mode file for STMicroelectronics.FP-ATR-ASTRA1.1.1.1
2023-04-21 11:50:20,034 [WARN] PackLoader:242 - Cannot read IP mode file for STMicroelectronics.X-CUBE-BLEMGR.1.3.0
2023-04-21 11:50:20,043 [WARN] PackLoader:242 - Cannot read IP mode file for STMicroelectronics.X-CUBE-AZRTOS-G4.1.0.0
2023-04-21 11:50:20,047 [WARN] PackLoader:242 - Cannot read IP mode file for STMicroelectronics.FP-ATR-SIGFOX1.3.2.0
2023-04-21 11:50:20,065 [WARN] PackLoader:242 - Cannot read IP mode file for STMicroelectronics.X-CUBE-AZRTOS-L4.1.0.0
2023-04-21 11:50:20,074 [WARN] PackLoader:242 - Cannot read IP mode file for STMicroelectronics.X-CUBE-AZRTOS-WL.1.0.0
2023-04-21 11:50:20,078 [WARN] PackLoader:242 - Cannot read IP mode file for portGmbH.I-Cube-SoM-uGOAL.1.1.0
2023-04-21 11:50:20,081 [WARN] PackLoader:242 - Cannot read IP mode file for STMicroelectronics.X-CUBE-ALS.1.0.1
2023-04-21 11:50:20,105 [WARN] PackLoader:242 - Cannot read IP mode file for STMicroelectronics.X-CUBE-MEMS1.9.5.0
2023-04-21 11:50:20,182 [WARN] PackLoader:242 - Cannot read IP mode file for STMicroelectronics.X-CUBE-AZRTOS-WB.1.1.0
2023-04-21 11:50:20,214 [WARN] PackLoader:242 - Cannot read IP mode file for SEGGER.I-CUBE-embOS.1.3.1
2023-04-21 11:50:20,253 [WARN] PackLoader:242 - Cannot read IP mode file for SEGGER.I-CUBE-embOS.1.3.0
2023-04-21 11:50:20,275 [WARN] PackLoader:242 - Cannot read IP mode file for STMicroelectronics.FP-ATR-ASTRA1.2.0.0
2023-04-21 11:50:20,276 [INFO] ThirdParty:947 - Integrity check success = true
2023-04-21 11:50:20,276 [INFO] IntegrityCheckThread:98 - exiting critical section [integrity check]
2023-04-21 11:50:20,276 [INFO] IntegrityCheckThread:101 - End integrity checks thread
2023-04-21 11:50:20,638 [INFO] LoadUrlFilesThread:179 - End of LoadServerUrlFiles without Thread
2023-04-21 11:50:20,649 [INFO] DetailPanel:339 - Set advertising image to C:/Users/plata/STM32Cube/Repository/\en.prom-stm32h5-mcu-finder.jpg
2023-04-21 11:50:21,157 [INFO] ApiDb:667 - CubeFinder database Data Model version=2.1
2023-04-21 11:50:21,157 [INFO] ApiDb:668 - CubeFinder database Configuration version=3.0.35
2023-04-21 11:50:21,157 [INFO] ApiDb:669 - CubeFinder database generation date=2023-03-10 (1678456172)
2023-04-21 11:50:21,157 [INFO] ApiDb:670 - CubeFinder database FW Pack versions=[FP-ATR-ASTRA1_V1.1.1, STM32Cube_FW_C0_V1.0.1, STM32Cube_FW_F0_V1.11.4, STM32Cube_FW_F3_V1.11.4, STM32Cube_FW_F4_V1.27.1, STM32Cube_FW_F7_V1.17.0, STM32Cube_FW_G0_V1.6.1, STM32Cube_FW_G4_V1.5.1, STM32Cube_FW_H5_V0.5.1, STM32Cube_FW_H5_V1.0.0, STM32Cube_FW_H7_V1.11.0, STM32Cube_FW_L0_V1.12.2, STM32Cube_FW_L5_V1.5.0, STM32Cube_FW_U5_V1.2.0, STM32Cube_FW_WBA_V1.0.0, STM32Cube_FW_WBA_V1.0.0RC1, STM32Cube_FW_WBA_V1.0.0RC3, STM32Cube_FW_WB_V1.15.0RC1, STM32Cube_FW_WB_V1.16.0, STM32Cube_FW_WB_V1.16.0RC2, STM32Cube_FW_WL_V1.3.0, X-CUBE-ALGOBUILD_V1.3.0, X-CUBE-ALS_V1.0.1, X-CUBE-AZRTOS-F4_V1.1.0, X-CUBE-AZRTOS-F7_V1.1.0, X-CUBE-AZRTOS-G0_V1.1.0, X-CUBE-AZRTOS-G4_V1.0.0, X-CUBE-AZRTOS-H7_V3.0.0, X-CUBE-AZRTOS-L4_V1.0.0, X-CUBE-AZRTOS-L5_V1.1.0, X-CUBE-AZRTOS-WB_V1.1.0, X-CUBE-AZRTOS-WL_V1.0.0, X-CUBE-BLE1_V6.2.4, X-CUBE-BLE2_V3.3.0, X-CUBE-BLEMGR_V1.3.0, X-CUBE-EEPRMA1_V4.1.0, X-CUBE-GNSS1_V6.0.0, X-CUBE-MEMS1_V9.1.0, X-CUBE-MEMS1_V9.4.0, X-CUBE-MEMS1_V9.5.0, X-CUBE-NFC4_V3.0.0, X-CUBE-NFC7_V1.0.0, X-CUBE-SFXS2LP1_V4.0.0, X-CUBE-SUBG2_V5.0.0]
2023-04-21 11:50:21,201 [INFO] DbBoardsSqlite:225 - include board P-NUCLEO-WB55-NUCLEO as a kit item of type 'Nucleo-64'
2023-04-21 11:50:21,201 [INFO] DbBoardsSqlite:225 - include board P-NUCLEO-WB55-USBDONGLE as a kit item of type 'Nucleo USB Dongle'
2023-04-21 11:50:21,201 [INFO] DbBoardsSqlite:225 - include board STEVAL-IDP005V1 as a kit item of type 'Evaluation Board'
2023-04-21 11:50:21,202 [INFO] DbBoardsSqlite:225 - include board STEVAL-IDP005V2 as a kit item of type 'Evaluation Board'
2023-04-21 11:50:21,242 [INFO] ApiDb:239 - Found 143 in-development CPN: [B-WB1M-WPAN1, B-WL5M-SUBG1, NUCLEO-C031C6, STEVAL-PROTEUS1, STEVAL-STWINBX1, STM320518-EVAL, STM32C0116-DK, STM32C011D6Y3TR, STM32C011D6Y6TR, STM32C011F4P3, STM32C011F4P6, STM32C011F4U3, STM32C011F4U6TR, STM32C011F6P3, STM32C011F6P6, STM32C011F6U3, STM32C011F6U6TR, STM32C011J4M3, STM32C011J4M6, STM32C011J6M3, STM32C011J6M6, STM32C0316-DK, STM32C031C4T3, STM32C031C4T6, STM32C031C4U3, STM32C031C4U6, STM32C031C6T3, STM32C031C6T6, STM32C031C6U3, STM32C031C6U6, STM32C031F4P3, STM32C031F4P6, STM32C031F6P3, STM32C031F6P6, STM32C031G4U3, STM32C031G4U6, STM32C031G6U3, STM32C031G6U6, STM32C031K4T3, STM32C031K4T6, STM32C031K4U3, STM32C031K4U6, STM32C031K6T3, STM32C031K6T6, STM32C031K6U3, STM32C031K6U6, STM32G071K8TXN, STM32G071K8UXN, STM32G081GBU6N, STM32G081KBT6N, STM32G081KBUXN, STM32G0B1CCT6N, STM32G0B1KCT6, STM32G0B1NEY6TR, STM32G0B1RCT6N, STM32G0C1CCT6, STM32G0C1CCT6N, STM32G0C1CCU6N, STM32G0C1CET6N, STM32G0C1CEU6N, STM32G0C1KCT6, STM32G0C1NEY6TR, STM32G0C1RCI6N, STM32G0C1RCT6N, STM32G0C1REI6N, STM32G0C1RET6N, STM32G0C1VCI6, STM32G0C1VEI6, STM32G471CCT6, STM32G471CCU6, STM32G471CET3, STM32G471CET6, STM32G471CEU3, STM32G471CEU6, STM32G471MCT6, STM32G471MET3, STM32G471MET6, STM32G471MEY6TR, STM32G471QCT6, STM32G471QET3, STM32G471RCT6, STM32G471RET3, STM32G471RET6, STM32G471VCH6, STM32G471VCI6, STM32G471VCT6, STM32G471VEH3, STM32G471VEH6, STM32G471VEI3, STM32G471VEI6, STM32G471VET3, STM32G471VET6, STM32G474CCT6, STM32L476VGY6PTR, STM32L4R5QGI6STR, STM32MP131AAE3, STM32MP131AAF3, STM32MP131AAG3, STM32MP131CAE3, STM32MP131CAF3, STM32MP131CAG3, STM32MP131DAE7, STM32MP131DAF7, STM32MP131DAG7, STM32MP131FAE7, STM32MP131FAF7, STM32MP131FAG7, STM32MP133AAE3, STM32MP133AAF3, STM32MP133AAG3, STM32MP133CAE3, STM32MP133CAF3, STM32MP133CAG3, STM32MP133DAE7, STM32MP133DAF7, STM32MP133DAG7, STM32MP133FAE7, STM32MP133FAF7, STM32MP133FAG7, STM32MP135AAE3, STM32MP135AAF3, STM32MP135AAG3, STM32MP135CAE3, STM32MP135CAF3, STM32MP135CAG3, STM32MP135DAE7, STM32MP135DAF7, STM32MP135DAG7, STM32MP135F-DK, STM32MP135FAE7, STM32MP135FAF7, STM32MP135FAF7T, STM32MP135FAF7U, STM32MP135FAG7, STM32U595ZJT6Q, STM32U599BJY6QTR, STM32U599NIH6Q, STM32U599NJH6Q, STM32U5A5ZJT6Q, STM32U5A9BJY6QTR, STM32U5A9NJH6Q, STM32WB1MMCH6, STM32WL5MOCH6TR]
2023-04-21 11:50:21,330 [INFO] BoardInfo:879 - No configuration file found for board P-NUCLEO-WB55
2023-04-21 11:50:21,331 [INFO] DbBoards:156 - Kit is not supported: P-NUCLEO-WB55
2023-04-21 11:50:21,334 [INFO] BoardInfo:879 - No configuration file found for board STEVAL-BFA001V1B
2023-04-21 11:50:21,334 [INFO] DbBoards:156 - Kit is not supported: STEVAL-BFA001V1B
2023-04-21 11:50:21,335 [INFO] BoardInfo:879 - No configuration file found for board STEVAL-BFA001V2B
2023-04-21 11:50:21,335 [INFO] DbBoards:156 - Kit is not supported: STEVAL-BFA001V2B
2023-04-21 11:50:21,430 [INFO] DbBoards:160 - Found 179 boards, 176 are supported
2023-04-21 11:50:21,434 [INFO] ApiDb:422 - Load user favorites file C:\Users\plata/.stm32cubeide/favorites.boards.txt: 0 item(s)
2023-04-21 11:50:21,435 [INFO] ApiDb:426 - User favorites Boards=[]
2023-04-21 11:50:21,435 [INFO] DbBoards:189 - Set 0 / 0 favorites Boards
2023-04-21 11:50:33,520 [ERROR] LogOutputStream:74 - [STDERR_REDIRECT] SLF4J: Failed to load class "org.slf4j.impl.StaticLoggerBinder".
2023-04-21 11:50:33,521 [ERROR] LogOutputStream:74 - [STDERR_REDIRECT] SLF4J: Defaulting to no-operation (NOP) logger implementation
2023-04-21 11:50:33,522 [ERROR] LogOutputStream:74 - [STDERR_REDIRECT] SLF4J: See http://www.slf4j.org/codes.html#StaticLoggerBinder for further details.
2023-04-21 11:50:40,893 [INFO] MainUpdater:2800 - connection check result : 10
2023-04-21 11:50:40,893 [INFO] MainUpdater:2800 - connection check result : 10
2023-04-21 11:50:40,909 [INFO] MicroXplorer:451 - Change Database Path : 
2023-04-21 11:50:40,910 [INFO] MicroXplorer:481 - Change Database Version : DB.6.0.70
2023-04-21 11:50:40,910 [WARN] ThirdParty:845 - waiting for thirdparty lock release [close project]
2023-04-21 11:50:40,910 [INFO] ThirdParty:847 - entering critical section [close project]
2023-04-21 11:50:40,911 [INFO] ThirdParty:857 - exiting critical section [close project]
2023-04-21 11:50:40,914 [INFO] PinOutPanel:1477 - setPackage(No Configuration,No Configuration)
2023-04-21 11:50:40,918 [INFO] UtilMem:74 - Begin LoadConfig() Used Memory: 324283264 Bytes (463470592)
2023-04-21 11:50:40,920 [INFO] MicroXplorer:451 - Change Database Path : 
2023-04-21 11:50:40,920 [INFO] MicroXplorer:481 - Change Database Version : DB.6.0.70
2023-04-21 11:50:40,920 [INFO] OpenFileManager:307 - Change cursor
2023-04-21 11:50:40,952 [INFO] Mcu:1925 - Initializing MCU STM32F401CBUx STM32F401CBUx 
2023-04-21 11:50:40,952 [INFO] Mcu:1938 - No CPN specified => set CPN to STM32F401CBU3
2023-04-21 11:50:41,853 [INFO] Context:654 - Trying to add GPIOservice into a context  which must be forbidden
2023-04-21 11:50:42,122 [INFO] ImportTextPane:193 - (OptionalMessage_ERROR) Unable to find key (Mcu.ThirdPartyNb) in loaded IOC file
2023-04-21 11:50:42,122 [INFO] ImportTextPane:193 - (OptionalMessage_ERROR) Unable to find key (Mcu.PinsNb) in loaded IOC file
2023-04-21 11:50:42,122 [INFO] ImportTextPane:193 - (OptionalMessage_ERROR) Unable to find key (Mcu.IPNb) in loaded IOC file
2023-04-21 11:50:42,305 [INFO] RtosManager:489 - Registered RTOS mode: class=CMSIS, group=RTOS, mode=CMSIS_V1, owner=FREERTOS
2023-04-21 11:50:42,305 [INFO] RtosManager:489 - Registered RTOS mode: class=CMSIS, group=RTOS2, mode=CMSIS_V2, owner=FREERTOS
2023-04-21 11:50:42,305 [INFO] RtosManager:489 - Registered RTOS mode: class=RTOS, group=Core, mode=CMSIS_V1, owner=FREERTOS
2023-04-21 11:50:42,305 [INFO] RtosManager:489 - Registered RTOS mode: class=RTOS, group=Core, mode=CMSIS_V2, owner=FREERTOS
2023-04-21 11:50:42,306 [WARN] ModelIntegratedComponent:185 - Missing modes for component STMicroelectronics:FreeRTOS:0.0.1:STMicroelectronics:RTOS:FreeRTOS:Core:::10.2.0:
2023-04-21 11:50:42,310 [WARN] ModelIntegratedComponent:183 - Modes not found for component STMicroelectronics:USB_HOST:1.0.0:STMicroelectronics:USB::USB Host:Audio HS::1.0:USB_HOST_1_0_RESTRICTED_HS
2023-04-21 11:50:42,310 [WARN] ModelIntegratedComponent:189 - Modes not found for component STMicroelectronics:USB_HOST:1.0.0:STMicroelectronics:USB::USB Host:Audio HS::1.0:USB_HOST_1_0_RESTRICTED_HS
2023-04-21 11:50:42,310 [WARN] ModelIntegratedComponent:183 - Modes not found for component STMicroelectronics:USB_HOST:1.0.0:STMicroelectronics:USB::USB Host:CDC HS::1.0:USB_HOST_1_0_RESTRICTED_HS
2023-04-21 11:50:42,310 [WARN] ModelIntegratedComponent:189 - Modes not found for component STMicroelectronics:USB_HOST:1.0.0:STMicroelectronics:USB::USB Host:CDC HS::1.0:USB_HOST_1_0_RESTRICTED_HS
2023-04-21 11:50:42,310 [WARN] ModelIntegratedComponent:183 - Modes not found for component STMicroelectronics:USB_HOST:1.0.0:STMicroelectronics:USB::USB Host:MSC HS::1.0:USB_HOST_1_0_RESTRICTED_HS
2023-04-21 11:50:42,310 [WARN] ModelIntegratedComponent:189 - Modes not found for component STMicroelectronics:USB_HOST:1.0.0:STMicroelectronics:USB::USB Host:MSC HS::1.0:USB_HOST_1_0_RESTRICTED_HS
2023-04-21 11:50:42,310 [WARN] ModelIntegratedComponent:183 - Modes not found for component STMicroelectronics:USB_HOST:1.0.0:STMicroelectronics:USB::USB Host:HID HS::1.0:USB_HOST_1_0_RESTRICTED_HS
2023-04-21 11:50:42,310 [WARN] ModelIntegratedComponent:189 - Modes not found for component STMicroelectronics:USB_HOST:1.0.0:STMicroelectronics:USB::USB Host:HID HS::1.0:USB_HOST_1_0_RESTRICTED_HS
2023-04-21 11:50:42,310 [WARN] ModelIntegratedComponent:183 - Modes not found for component STMicroelectronics:USB_HOST:1.0.0:STMicroelectronics:USB::USB Host:MTP HS::1.0:USB_HOST_1_0_RESTRICTED_HS
2023-04-21 11:50:42,310 [WARN] ModelIntegratedComponent:189 - Modes not found for component STMicroelectronics:USB_HOST:1.0.0:STMicroelectronics:USB::USB Host:MTP HS::1.0:USB_HOST_1_0_RESTRICTED_HS
2023-04-21 11:50:42,319 [WARN] ModelIntegratedComponent:64 - No mode defined for component null
2023-04-21 11:50:42,319 [WARN] ModelIntegratedComponent:64 - No mode defined for component null
2023-04-21 11:50:42,319 [WARN] ModelIntegratedComponent:64 - No mode defined for component null
2023-04-21 11:50:42,319 [WARN] ModelIntegratedComponent:64 - No mode defined for component null
2023-04-21 11:50:42,319 [WARN] ModelIntegratedComponent:64 - No mode defined for component null
2023-04-21 11:50:42,319 [WARN] ModelIntegratedComponent:64 - No mode defined for component null
2023-04-21 11:50:42,319 [WARN] ModelIntegratedComponent:64 - No mode defined for component null
2023-04-21 11:50:42,320 [WARN] ModelIntegratedComponent:64 - No mode defined for component null
2023-04-21 11:50:42,320 [WARN] ModelIntegratedComponent:64 - No mode defined for component null
2023-04-21 11:50:42,320 [WARN] ModelIntegratedComponent:64 - No mode defined for component null
2023-04-21 11:50:42,320 [WARN] ModelIntegratedComponent:64 - No mode defined for component null
2023-04-21 11:50:42,320 [WARN] ModelIntegratedComponent:64 - No mode defined for component null
2023-04-21 11:50:42,320 [WARN] ModelIntegratedComponent:64 - No mode defined for component null
2023-04-21 11:50:42,320 [WARN] ModelIntegratedComponent:64 - No mode defined for component null
2023-04-21 11:50:42,320 [WARN] ModelIntegratedComponent:64 - No mode defined for component null
2023-04-21 11:50:42,320 [WARN] ModelIntegratedComponent:64 - No mode defined for component null
2023-04-21 11:50:42,320 [WARN] ModelIntegratedComponent:64 - No mode defined for component null
2023-04-21 11:50:42,320 [WARN] ModelIntegratedComponent:64 - No mode defined for component null
2023-04-21 11:50:42,320 [WARN] ModelIntegratedComponent:64 - No mode defined for component null
2023-04-21 11:50:42,320 [WARN] ModelIntegratedComponent:64 - No mode defined for component null
2023-04-21 11:50:42,320 [WARN] ModelIntegratedComponent:64 - No mode defined for component null
2023-04-21 11:50:42,320 [WARN] ModelIntegratedComponent:64 - No mode defined for component null
2023-04-21 11:50:42,320 [WARN] ModelIntegratedComponent:64 - No mode defined for component null
2023-04-21 11:50:42,320 [WARN] ModelIntegratedComponent:64 - No mode defined for component null
2023-04-21 11:50:42,321 [WARN] ModelIntegratedComponent:64 - No mode defined for component null
2023-04-21 11:50:42,321 [WARN] ModelIntegratedComponent:64 - No mode defined for component null
2023-04-21 11:50:42,321 [WARN] ModelIntegratedComponent:64 - No mode defined for component null
2023-04-21 11:50:42,321 [WARN] ModelIntegratedComponent:64 - No mode defined for component null
2023-04-21 11:50:42,321 [WARN] ModelIntegratedComponent:64 - No mode defined for component null
2023-04-21 11:50:42,321 [WARN] ModelIntegratedComponent:64 - No mode defined for component null
2023-04-21 11:50:42,321 [WARN] ModelIntegratedComponent:64 - No mode defined for component null
2023-04-21 11:50:42,321 [WARN] ModelIntegratedComponent:64 - No mode defined for component null
2023-04-21 11:50:42,321 [WARN] ModelIntegratedComponent:64 - No mode defined for component null
2023-04-21 11:50:42,405 [WARN] ModelIntegratedComponent:183 - Modes not found for component STMicroelectronics:USB_DEVICE:1.0.0:STMicroelectronics:USB::USB Device:Audio HS::1.0:USB_DEVICE_1_0_RESTRICTED_HS
2023-04-21 11:50:42,405 [WARN] ModelIntegratedComponent:189 - Modes not found for component STMicroelectronics:USB_DEVICE:1.0.0:STMicroelectronics:USB::USB Device:Audio HS::1.0:USB_DEVICE_1_0_RESTRICTED_HS
2023-04-21 11:50:42,405 [WARN] ModelIntegratedComponent:183 - Modes not found for component STMicroelectronics:USB_DEVICE:1.0.0:STMicroelectronics:USB::USB Device:CDC HS::1.0:USB_DEVICE_1_0_RESTRICTED_HS
2023-04-21 11:50:42,405 [WARN] ModelIntegratedComponent:189 - Modes not found for component STMicroelectronics:USB_DEVICE:1.0.0:STMicroelectronics:USB::USB Device:CDC HS::1.0:USB_DEVICE_1_0_RESTRICTED_HS
2023-04-21 11:50:42,405 [WARN] ModelIntegratedComponent:183 - Modes not found for component STMicroelectronics:USB_DEVICE:1.0.0:STMicroelectronics:USB::USB Device:DFU HS::1.0:USB_DEVICE_1_0_RESTRICTED_HS
2023-04-21 11:50:42,405 [WARN] ModelIntegratedComponent:189 - Modes not found for component STMicroelectronics:USB_DEVICE:1.0.0:STMicroelectronics:USB::USB Device:DFU HS::1.0:USB_DEVICE_1_0_RESTRICTED_HS
2023-04-21 11:50:42,405 [WARN] ModelIntegratedComponent:183 - Modes not found for component STMicroelectronics:USB_DEVICE:1.0.0:STMicroelectronics:USB::USB Device:HID HS::1.0:USB_DEVICE_1_0_RESTRICTED_HS
2023-04-21 11:50:42,406 [WARN] ModelIntegratedComponent:189 - Modes not found for component STMicroelectronics:USB_DEVICE:1.0.0:STMicroelectronics:USB::USB Device:HID HS::1.0:USB_DEVICE_1_0_RESTRICTED_HS
2023-04-21 11:50:42,406 [WARN] ModelIntegratedComponent:183 - Modes not found for component STMicroelectronics:USB_DEVICE:1.0.0:STMicroelectronics:USB::USB Device:Custom HID HS::1.0:USB_DEVICE_1_0_RESTRICTED_HS
2023-04-21 11:50:42,406 [WARN] ModelIntegratedComponent:189 - Modes not found for component STMicroelectronics:USB_DEVICE:1.0.0:STMicroelectronics:USB::USB Device:Custom HID HS::1.0:USB_DEVICE_1_0_RESTRICTED_HS
2023-04-21 11:50:42,406 [WARN] ModelIntegratedComponent:183 - Modes not found for component STMicroelectronics:USB_DEVICE:1.0.0:STMicroelectronics:USB::USB Device:MSC HS::1.0:USB_DEVICE_1_0_RESTRICTED_HS
2023-04-21 11:50:42,406 [WARN] ModelIntegratedComponent:189 - Modes not found for component STMicroelectronics:USB_DEVICE:1.0.0:STMicroelectronics:USB::USB Device:MSC HS::1.0:USB_DEVICE_1_0_RESTRICTED_HS
2023-04-21 11:50:42,426 [INFO] ThirdPartyModel:294 - Start build external matchings
2023-04-21 11:50:43,058 [INFO] ThirdPartyModel:310 - End build external matchings
2023-04-21 11:50:43,264 [INFO] UtilMem:74 - End LoadConfig() Used Memory: 256167040 Bytes (488636416)
2023-04-21 11:50:43,284 [WARN] ThirdParty:807 - waiting for thirdparty lock release [change project]
2023-04-21 11:50:43,285 [INFO] ThirdParty:809 - entering critical section [change project]
2023-04-21 11:50:43,285 [INFO] ThirdParty:999 - CMSIS Pack Vendor :STMicroelectronics X-CUBE-ISPU 1.1.0
2023-04-21 11:50:43,285 [INFO] ThirdParty:999 - CMSIS Pack Vendor :RoweBots I-CUBE-UNISONRTOS 5.5.0-4
2023-04-21 11:50:43,285 [INFO] ThirdParty:999 - CMSIS Pack Vendor :STMicroelectronics X-CUBE-GNSS1 6.0.0
2023-04-21 11:50:43,285 [INFO] ThirdParty:999 - CMSIS Pack Vendor :STMicroelectronics USB_HOST 2.0.0
2023-04-21 11:50:43,285 [INFO] ThirdParty:999 - CMSIS Pack Vendor :STMicroelectronics X-CUBE-AZRTOS-F4 1.1.0
2023-04-21 11:50:43,285 [INFO] ThirdParty:999 - CMSIS Pack Vendor :STMicroelectronics LIBJPEG 8.0.0
2023-04-21 11:50:43,285 [INFO] ThirdParty:999 - CMSIS Pack Vendor :STMicroelectronics X-CUBE-SMBUS 2.1.0
2023-04-21 11:50:43,286 [INFO] ThirdParty:999 - CMSIS Pack Vendor :STMicroelectronics USB_DEVICE 3.0.0
2023-04-21 11:50:43,286 [INFO] ThirdParty:999 - CMSIS Pack Vendor :STMicroelectronics X-CUBE-AI 8.0.0
2023-04-21 11:50:43,286 [INFO] ThirdParty:999 - CMSIS Pack Vendor :STMicroelectronics X-CUBE-FREERTOS 1.0.0
2023-04-21 11:50:43,286 [INFO] ThirdParty:999 - CMSIS Pack Vendor :STMicroelectronics X-CUBE-FREERTOS 1.0.1
2023-04-21 11:50:43,286 [INFO] ThirdParty:999 - CMSIS Pack Vendor :STMicroelectronics X-CUBE-TOUCHGFX 4.21.1
2023-04-21 11:50:43,286 [INFO] ThirdParty:999 - CMSIS Pack Vendor :STMicroelectronics X-CUBE-TOUCHGFX 4.21.3
2023-04-21 11:50:43,286 [INFO] ThirdParty:999 - CMSIS Pack Vendor :STMicroelectronics X-CUBE-AZRTOS-F7 1.1.0
2023-04-21 11:50:43,286 [INFO] ThirdParty:999 - CMSIS Pack Vendor :STMicroelectronics X-CUBE-MEMS1 9.4.0
2023-04-21 11:50:43,286 [INFO] ThirdParty:999 - CMSIS Pack Vendor :STMicroelectronics USB_DEVICE 2.0.0
2023-04-21 11:50:43,286 [INFO] ThirdParty:999 - CMSIS Pack Vendor :STMicroelectronics X-CUBE-AI 7.3.0
2023-04-21 11:50:43,286 [INFO] ThirdParty:999 - CMSIS Pack Vendor :STMicroelectronics X-CUBE-ALGOBUILD 1.3.0
2023-04-21 11:50:43,286 [INFO] ThirdParty:999 - CMSIS Pack Vendor :STMicroelectronics X-CUBE-BLE1 6.2.4
2023-04-21 11:50:43,287 [INFO] ThirdParty:999 - CMSIS Pack Vendor :STMicroelectronics X-CUBE-AZRTOS-L5 1.1.0
2023-04-21 11:50:43,287 [INFO] ThirdParty:999 - CMSIS Pack Vendor :STMicroelectronics FreeRTOS 0.0.1
2023-04-21 11:50:43,287 [INFO] ThirdParty:999 - CMSIS Pack Vendor :emotas I-CUBE-CANOPEN 1.1.3
2023-04-21 11:50:43,287 [INFO] ThirdParty:999 - CMSIS Pack Vendor :STMicroelectronics X-CUBE-AZRTOS-G0 1.1.0
2023-04-21 11:50:43,287 [INFO] ThirdParty:999 - CMSIS Pack Vendor :STMicroelectronics X-CUBE-BLEMGR 2.0.0
2023-04-21 11:50:43,287 [INFO] ThirdParty:999 - CMSIS Pack Vendor :STMicroelectronics X-CUBE-SUBG2 5.0.0
2023-04-21 11:50:43,287 [INFO] ThirdParty:999 - CMSIS Pack Vendor :STMicroelectronics X-CUBE-NFC4 3.0.0
2023-04-21 11:50:43,287 [INFO] ThirdParty:999 - CMSIS Pack Vendor :STMicroelectronics STM32_WPAN 1.0.0
2023-04-21 11:50:43,287 [INFO] ThirdParty:999 - CMSIS Pack Vendor :STMicroelectronics lwIP 2.0.3
2023-04-21 11:50:43,287 [INFO] ThirdParty:999 - CMSIS Pack Vendor :STMicroelectronics USB_HOST 1.0.0
2023-04-21 11:50:43,288 [INFO] ThirdParty:999 - CMSIS Pack Vendor :STMicroelectronics PDM2PCM 3.1.0
2023-04-21 11:50:43,288 [INFO] ThirdParty:999 - CMSIS Pack Vendor :STMicroelectronics X-CUBE-AZRTOS-H7 3.1.0
2023-04-21 11:50:43,288 [INFO] ThirdParty:999 - CMSIS Pack Vendor :STMicroelectronics X-CUBE-TOF1 3.3.0
2023-04-21 11:50:43,288 [INFO] ThirdParty:999 - CMSIS Pack Vendor :STMicroelectronics FP-ATR-ASTRA1 1.1.1
2023-04-21 11:50:43,288 [INFO] ThirdParty:999 - CMSIS Pack Vendor :STMicroelectronics PDM2PCM 3.3.0
2023-04-21 11:50:43,288 [INFO] ThirdParty:999 - CMSIS Pack Vendor :STMicroelectronics X-CUBE-DISPLAY 3.0.0
2023-04-21 11:50:43,288 [INFO] ThirdParty:999 - CMSIS Pack Vendor :STMicroelectronics X-CUBE-BLEMGR 1.3.0
2023-04-21 11:50:43,288 [INFO] ThirdParty:999 - CMSIS Pack Vendor :STMicroelectronics X-CUBE-AZRTOS-G4 1.0.0
2023-04-21 11:50:43,288 [INFO] ThirdParty:999 - CMSIS Pack Vendor :STMicroelectronics FP-ATR-SIGFOX1 3.2.0
2023-04-21 11:50:43,288 [INFO] ThirdParty:999 - CMSIS Pack Vendor :wolfSSL I-CUBE-wolfSSL 5.5.4
2023-04-21 11:50:43,288 [INFO] ThirdParty:999 - CMSIS Pack Vendor :STMicroelectronics X-CUBE-AZRTOS-L4 1.0.0
2023-04-21 11:50:43,289 [INFO] ThirdParty:999 - CMSIS Pack Vendor :STMicroelectronics HAL Drivers 0.0.0
2023-04-21 11:50:43,289 [INFO] ThirdParty:999 - CMSIS Pack Vendor :STMicroelectronics MBEDTLS 2.16.2
2023-04-21 11:50:43,289 [INFO] ThirdParty:999 - CMSIS Pack Vendor :STMicroelectronics MBEDTLS 2.14.1
2023-04-21 11:50:43,289 [INFO] ThirdParty:999 - CMSIS Pack Vendor :STMicroelectronics X-CUBE-NFC7 1.0.0
2023-04-21 11:50:43,289 [INFO] ThirdParty:999 - CMSIS Pack Vendor :STMicroelectronics X-CUBE-AZRTOS-WL 1.0.0
2023-04-21 11:50:43,289 [INFO] ThirdParty:999 - CMSIS Pack Vendor :STMicroelectronics X-CUBE-EEPRMA1 4.1.0
2023-04-21 11:50:43,289 [INFO] ThirdParty:999 - CMSIS Pack Vendor :portGmbH I-Cube-SoM-uGOAL 1.1.0
2023-04-21 11:50:43,289 [INFO] ThirdParty:999 - CMSIS Pack Vendor :STMicroelectronics X-CUBE-ALS 1.0.1
2023-04-21 11:50:43,290 [INFO] ThirdParty:999 - CMSIS Pack Vendor :STMicroelectronics X-CUBE-MEMS1 9.5.0
2023-04-21 11:50:43,290 [INFO] ThirdParty:999 - CMSIS Pack Vendor :STMicroelectronics ThreadX 1.0.0
2023-04-21 11:50:43,290 [INFO] ThirdParty:999 - CMSIS Pack Vendor :STMicroelectronics X-CUBE-AZRTOS-WB 1.1.0
2023-04-21 11:50:43,290 [INFO] ThirdParty:999 - CMSIS Pack Vendor :SEGGER I-CUBE-embOS 1.3.1
2023-04-21 11:50:43,290 [INFO] ThirdParty:999 - CMSIS Pack Vendor :STMicroelectronics USB_DEVICE 1.0.0
2023-04-21 11:50:43,290 [INFO] ThirdParty:999 - CMSIS Pack Vendor :SEGGER I-CUBE-embOS 1.3.0
2023-04-21 11:50:43,290 [INFO] ThirdParty:999 - CMSIS Pack Vendor :STMicroelectronics ThreadX 0.0.2
2023-04-21 11:50:43,290 [INFO] ThirdParty:999 - CMSIS Pack Vendor :WES I-CUBE-Cesium 1.3.0
2023-04-21 11:50:43,290 [INFO] ThirdParty:999 - CMSIS Pack Vendor :STMicroelectronics FP-ATR-ASTRA1 2.0.0
2023-04-21 11:50:43,291 [INFO] ThirdParty:999 - CMSIS Pack Vendor :STMicroelectronics lwIP 2.1.2
2023-04-21 11:50:43,291 [INFO] ThirdParty:999 - CMSIS Pack Vendor :STMicroelectronics X-CUBE-SFXS2LP1 4.0.0
2023-04-21 11:50:43,291 [INFO] ThirdParty:999 - CMSIS Pack Vendor :STMicroelectronics X-CUBE-BLE2 3.3.0
2023-04-21 11:50:43,291 [INFO] ThirdParty:999 - CMSIS Pack Vendor :STMicroelectronics X-CUBE-DISPLAY 2.2.0
2023-04-21 11:50:43,291 [INFO] ThirdParty:999 - CMSIS Pack Vendor :STMicroelectronics X-CUBE-TOF1 3.2.0
2023-04-21 11:50:43,291 [INFO] ThirdParty:999 - CMSIS Pack Vendor :STMicroelectronics PDM2PCM 3.2.0
2023-04-21 11:50:43,291 [INFO] ThirdParty:999 - CMSIS Pack Vendor :STMicroelectronics X-CUBE-AZRTOS-H7 3.0.0
2023-04-21 11:50:43,291 [INFO] ThirdParty:815 - exiting critical section [change project]
2023-04-21 11:50:43,559 [INFO] PinOutPanel:1477 - setPackage(No Configuration,No Configuration)
2023-04-21 11:50:43,560 [INFO] PinOutPanel:1477 - setPackage(STM32F401CBUx,UFQFPN48)
2023-04-21 11:50:43,876 [INFO] UtilMem:74 - Before build in PCC Used Memory: 275194424 Bytes (488636416)
2023-04-21 11:50:44,331 [INFO] UtilMem:74 - After build in PCC Used Memory: 310058424 Bytes (488636416)
2023-04-21 11:50:44,347 [INFO] IPUIPlugin:79 - create IPUIPlugin
2023-04-21 11:50:44,347 [INFO] IPUIPlugin:79 - create IPUIPlugin
2023-04-21 11:50:44,347 [INFO] IPUIPlugin:79 - create IPUIPlugin
2023-04-21 11:50:44,347 [INFO] IPUIPlugin:79 - create IPUIPlugin
2023-04-21 11:50:44,347 [INFO] IPUIPlugin:79 - create IPUIPlugin
2023-04-21 11:50:44,348 [INFO] IPUIPlugin:79 - create IPUIPlugin
2023-04-21 11:50:44,348 [INFO] IPUIPlugin:79 - create IPUIPlugin
2023-04-21 11:50:44,348 [INFO] IPUIPlugin:79 - create IPUIPlugin
2023-04-21 11:50:44,348 [INFO] IPUIPlugin:79 - create IPUIPlugin
2023-04-21 11:50:44,348 [INFO] IPUIPlugin:79 - create IPUIPlugin
2023-04-21 11:50:44,348 [INFO] IPUIPlugin:79 - create IPUIPlugin
2023-04-21 11:50:44,348 [INFO] IPUIPlugin:79 - create IPUIPlugin
2023-04-21 11:50:44,348 [INFO] IPUIPlugin:79 - create IPUIPlugin
2023-04-21 11:50:44,349 [INFO] IPUIPlugin:79 - create IPUIPlugin
2023-04-21 11:50:44,349 [INFO] IPUIPlugin:79 - create IPUIPlugin
2023-04-21 11:50:44,349 [INFO] IPUIPlugin:79 - create IPUIPlugin
2023-04-21 11:50:44,349 [INFO] IPUIPlugin:79 - create IPUIPlugin
2023-04-21 11:50:44,349 [INFO] IPUIPlugin:79 - create IPUIPlugin
2023-04-21 11:50:44,349 [INFO] IPUIPlugin:79 - create IPUIPlugin
2023-04-21 11:50:44,349 [INFO] IPUIPlugin:79 - create IPUIPlugin
2023-04-21 11:50:44,349 [INFO] IPUIPlugin:79 - create IPUIPlugin
2023-04-21 11:50:44,350 [INFO] IPUIPlugin:79 - create IPUIPlugin
2023-04-21 11:50:44,350 [INFO] IPUIPlugin:79 - create IPUIPlugin
2023-04-21 11:50:44,350 [INFO] IPUIPlugin:79 - create IPUIPlugin
2023-04-21 11:50:44,350 [INFO] IPUIPlugin:79 - create IPUIPlugin
2023-04-21 11:50:44,350 [INFO] IPUIPlugin:79 - create IPUIPlugin
2023-04-21 11:50:44,350 [INFO] IPUIPlugin:79 - create IPUIPlugin
2023-04-21 11:50:44,351 [INFO] IPUIPlugin:79 - create IPUIPlugin
2023-04-21 11:50:44,351 [INFO] IPUIPlugin:79 - create IPUIPlugin
2023-04-21 11:50:44,351 [INFO] IPUIPlugin:79 - create IPUIPlugin
2023-04-21 11:50:44,351 [INFO] IPUIPlugin:79 - create IPUIPlugin
2023-04-21 11:50:44,351 [INFO] IPUIPlugin:79 - create IPUIPlugin
2023-04-21 11:50:44,352 [INFO] IPUIPlugin:79 - create IPUIPlugin
2023-04-21 11:50:44,352 [INFO] IPUIPlugin:79 - create IPUIPlugin
2023-04-21 11:50:44,352 [INFO] IPUIPlugin:79 - create IPUIPlugin
2023-04-21 11:50:44,353 [INFO] IPUIPlugin:79 - create IPUIPlugin
2023-04-21 11:50:44,353 [INFO] IPUIPlugin:79 - create IPUIPlugin
2023-04-21 11:50:44,393 [INFO] ApiDbMcu:505 - Load IP Config File for PDM2PCM
2023-04-21 11:50:44,518 [INFO] CADModel:164 - CPN selected for project levelSTM32F401CBU3
2023-04-21 11:50:44,518 [INFO] CADModel:113 - Register for checkConnection events
2023-04-21 11:50:44,566 [INFO] OpenFileManager:327 - Restore cursor
2023-04-21 11:50:45,044 [INFO] UtilMem:74 - End SaveConfig() Used Memory: 307567192 Bytes (488636416)
2023-04-21 11:50:45,082 [INFO] UtilMem:74 - End SaveConfig() Used Memory: 321599040 Bytes (488636416)
2023-04-21 11:50:45,481 [INFO] BlockDiagram:2759 - set Specific Code input for plugin: NVIC
2023-04-21 11:50:45,482 [INFO] BlockDiagram:2759 - set Specific Code input for plugin: RCC
2023-04-21 11:50:45,483 [INFO] CodeGenerator:692 - code generatio: config db path: C:\ST\STM32CubeIDE_1.11.0\STM32CubeIDE\plugins\com.st.stm32cube.common.mx_6.7.0.202211181646\\db\
2023-04-21 11:50:45,800 [INFO] CodeEngine:247 - oldGeneratedFile, C:\Users\plata\OneDrive\Escritorio\GITHUBTITOMA\EmptyProject\MXTmpFiles\license.tmp_save
2023-04-21 11:50:46,147 [INFO] CodeEngine:271 - Generated code: C:\Users\plata\OneDrive\Escritorio\GITHUBTITOMA\EmptyProject\MXTmpFiles\license.tmp
2023-04-21 11:50:46,160 [INFO] CodeEngine:247 - oldGeneratedFile, C:\Users\plata\OneDrive\Escritorio\GITHUBTITOMA\EmptyProject\Core\Src\stm32f4xx_it.c_save
2023-04-21 11:50:46,319 [INFO] CodeEngine:271 - Generated code: C:\Users\plata\OneDrive\Escritorio\GITHUBTITOMA\EmptyProject\Core\Src\stm32f4xx_it.c
2023-04-21 11:50:46,323 [INFO] CodeEngine:247 - oldGeneratedFile, C:\Users\plata\OneDrive\Escritorio\GITHUBTITOMA\EmptyProject\Core\Inc\stm32f4xx_it.h_save
2023-04-21 11:50:46,466 [INFO] CodeEngine:271 - Generated code: C:\Users\plata\OneDrive\Escritorio\GITHUBTITOMA\EmptyProject\Core\Inc\stm32f4xx_it.h
2023-04-21 11:50:46,516 [INFO] CodeEngine:247 - oldGeneratedFile, C:\Users\plata\OneDrive\Escritorio\GITHUBTITOMA\EmptyProject\Core\Src\stm32f4xx_hal_msp.c_save
2023-04-21 11:50:46,642 [INFO] CodeEngine:271 - Generated code: C:\Users\plata\OneDrive\Escritorio\GITHUBTITOMA\EmptyProject\Core\Src\stm32f4xx_hal_msp.c
2023-04-21 11:50:46,645 [INFO] CodeEngine:247 - oldGeneratedFile, C:\Users\plata\OneDrive\Escritorio\GITHUBTITOMA\EmptyProject\MXTmpFiles\system.tmp_save
2023-04-21 11:50:46,704 [INFO] CodeEngine:271 - Generated code: C:\Users\plata\OneDrive\Escritorio\GITHUBTITOMA\EmptyProject\MXTmpFiles\system.tmp
2023-04-21 11:50:46,712 [INFO] CodeEngine:303 - oldGeneratedFile, C:\Users\plata\OneDrive\Escritorio\GITHUBTITOMA\EmptyProject\Core\Inc\stm32f4xx_hal_conf.h_save
2023-04-21 11:50:46,820 [INFO] CodeEngine:327 - Generated code: C:\Users\plata\OneDrive\Escritorio\GITHUBTITOMA\EmptyProject\Core\Inc\stm32f4xx_hal_conf.h
2023-04-21 11:50:46,871 [INFO] CodeEngine:247 - oldGeneratedFile, C:\Users\plata\OneDrive\Escritorio\GITHUBTITOMA\EmptyProject\Core\Inc\main.h_save
2023-04-21 11:50:46,965 [INFO] CodeEngine:271 - Generated code: C:\Users\plata\OneDrive\Escritorio\GITHUBTITOMA\EmptyProject\Core\Inc\main.h
2023-04-21 11:50:46,968 [INFO] CodeEngine:247 - oldGeneratedFile, C:\Users\plata\OneDrive\Escritorio\GITHUBTITOMA\EmptyProject\Core\Src\main.c_save
2023-04-21 11:50:47,067 [INFO] CodeEngine:271 - Generated code: C:\Users\plata\OneDrive\Escritorio\GITHUBTITOMA\EmptyProject\Core\Src\main.c
2023-04-21 11:50:47,833 [INFO] ProjectBuilder:2919 - Time for Copy HAL[1] : 262mS.
2023-04-21 11:50:47,844 [INFO] ProjectBuilder:4183 - Project Generator version: 3.18.0-B7
2023-04-21 11:50:48,128 [INFO] ConfigFileManager:1396 - The Die is : DIE423
2023-04-21 11:50:48,153 [INFO] ApiDbMcu:505 - Load IP Config File for FATFS
2023-04-21 11:50:48,174 [INFO] ApiDbMcu:505 - Load IP Config File for FREERTOS
2023-04-21 11:50:48,179 [INFO] ApiDbMcu:505 - Load IP Config File for LIBJPEG
2023-04-21 11:50:48,240 [INFO] ApiDbMcu:505 - Load IP Config File for MBEDTLS
2023-04-21 11:50:48,266 [INFO] ApiDbMcu:505 - Load IP Config File for USB_DEVICE
2023-04-21 11:50:48,273 [INFO] ApiDbMcu:505 - Load IP Config File for USB_HOST
2023-04-21 11:50:50,285 [INFO] ProjectBuilder:4351 - Time for Generating toolchain IDE Files: 2440mS.
2023-04-21 11:50:50,286 [INFO] ProjectBuilder:2790 - Time for Copy CMSIS : 1mS.
2023-04-21 11:50:50,289 [INFO] ProjectBuilder:2790 - Time for Copy CMSIS : 0mS.
2023-04-21 11:50:50,909 [INFO] McuFinderGlobals:65 - Set McuFinderConnectedMode to true
2023-04-21 11:50:50,911 [INFO] ApiDb:447 - Save user favorites file C:\Users\plata/.stm32cubeide/favorites.mcus.txt: 0 item(s)
2023-04-21 11:50:50,911 [INFO] ApiDb:451 - User favorites MCUs=[]
2023-04-21 11:50:54,791 [INFO] JxBrowserEngine:114 - Initiate JxBrowser Engine with user profile folder
2023-04-21 11:50:55,424 [INFO] WebAppUi:459 - Close the Jxbrowser engine manually
2023-04-21 11:50:55,460 [INFO] WebAppUi:462 - Profiles folder deleted
2023-04-21 11:50:55,710 [ERROR] LogOutputStream:74 - [STDERR_REDIRECT] 
2023-04-22 16:08:22,475 [INFO] Activator:179 - 


2023-04-22 16:08:22,476 [INFO] Activator:180 - !SESSION log4j initialized
2023-04-22 16:08:47,463 [ERROR] LogOutputStream:74 - [STDERR_REDIRECT] SLF4J: Failed to load class "org.slf4j.impl.StaticLoggerBinder".
2023-04-22 16:08:47,464 [ERROR] LogOutputStream:74 - [STDERR_REDIRECT] SLF4J: Defaulting to no-operation (NOP) logger implementation
2023-04-22 16:08:47,465 [ERROR] LogOutputStream:74 - [STDERR_REDIRECT] SLF4J: See http://www.slf4j.org/codes.html#StaticLoggerBinder for further details.
2023-04-22 16:11:05,387 [INFO] Activator:179 - 


2023-04-22 16:11:05,387 [INFO] Activator:180 - !SESSION log4j initialized
2023-04-22 16:11:30,098 [ERROR] LogOutputStream:74 - [STDERR_REDIRECT] SLF4J: Failed to load class "org.slf4j.impl.StaticLoggerBinder".
2023-04-22 16:11:30,099 [ERROR] LogOutputStream:74 - [STDERR_REDIRECT] SLF4J: Defaulting to no-operation (NOP) logger implementation
2023-04-22 16:11:30,100 [ERROR] LogOutputStream:74 - [STDERR_REDIRECT] SLF4J: See http://www.slf4j.org/codes.html#StaticLoggerBinder for further details.
